[    0.000000] Linux version 4.15.0-74-generic (buildd@lcy01-amd64-022) (gcc version 7.4.0 (Ubuntu 7.4.0-1ubuntu1~18.04.1)) #84-Ubuntu SMP Thu Dec 19 08:06:28 UTC 2019 (Ubuntu 4.15.0-74.84-generic 4.15.18)
[    0.000000] Command line: BOOT_IMAGE=/boot/vmlinuz-4.15.0-74-generic root=LABEL=cloudimg-rootfs ro console=tty1 console=ttyS0
[    0.000000] KERNEL supported cpus:
[    0.000000]   Intel GenuineIntel
[    0.000000]   AMD AuthenticAMD
[    0.000000]   Centaur CentaurHauls
[    0.000000] x86/fpu: Supporting XSAVE feature 0x001: 'x87 floating point registers'
[    0.000000] x86/fpu: Supporting XSAVE feature 0x002: 'SSE registers'
[    0.000000] x86/fpu: Supporting XSAVE feature 0x004: 'AVX registers'
[    0.000000] x86/fpu: xstate_offset[2]:  576, xstate_sizes[2]:  256
[    0.000000] x86/fpu: Enabled xstate features 0x7, context size is 832 bytes, using 'standard' format.
[    0.000000] e820: BIOS-provided physical RAM map:
[    0.000000] BIOS-e820: [mem 0x0000000000000000-0x000000000009fbff] usable
[    0.000000] BIOS-e820: [mem 0x000000000009fc00-0x000000000009ffff] reserved
[    0.000000] BIOS-e820: [mem 0x00000000000f0000-0x00000000000fffff] reserved
[    0.000000] BIOS-e820: [mem 0x0000000000100000-0x000000003ffeffff] usable
[    0.000000] BIOS-e820: [mem 0x000000003fff0000-0x000000003fffffff] ACPI data
[    0.000000] BIOS-e820: [mem 0x00000000fec00000-0x00000000fec00fff] reserved
[    0.000000] BIOS-e820: [mem 0x00000000fee00000-0x00000000fee00fff] reserved
[    0.000000] BIOS-e820: [mem 0x00000000fffc0000-0x00000000ffffffff] reserved
[    0.000000] NX (Execute Disable) protection: active
[    0.000000] SMBIOS 2.5 present.
[    0.000000] DMI: innotek GmbH VirtualBox/VirtualBox, BIOS VirtualBox 12/01/2006
[    0.000000] Hypervisor detected: KVM
[    0.000000] e820: last_pfn = 0x3fff0 max_arch_pfn = 0x400000000
[    0.000000] MTRR: Disabled
[    0.000000] x86/PAT: MTRRs disabled, skipping PAT initialization too.
[    0.000000] CPU MTRRs all blank - virtualized system.
[    0.000000] x86/PAT: Configuration [0-7]: WB  WT  UC- UC  WB  WT  UC- UC  
[    0.000000] found SMP MP-table at [mem 0x0009fff0-0x0009ffff]
[    0.000000] Scanning 1 areas for low memory corruption
[    0.000000] RAMDISK: [mem 0x35a6f000-0x36d2efff]
[    0.000000] ACPI: Early table checksum verification disabled
[    0.000000] ACPI: RSDP 0x00000000000E0000 000024 (v02 VBOX  )
[    0.000000] ACPI: XSDT 0x000000003FFF0030 00003C (v01 VBOX   VBOXXSDT 00000001 ASL  00000061)
[    0.000000] ACPI: FACP 0x000000003FFF00F0 0000F4 (v04 VBOX   VBOXFACP 00000001 ASL  00000061)
[    0.000000] ACPI: DSDT 0x000000003FFF0470 0022EA (v02 VBOX   VBOXBIOS 00000002 INTL 20100528)
[    0.000000] ACPI: FACS 0x000000003FFF0200 000040
[    0.000000] ACPI: FACS 0x000000003FFF0200 000040
[    0.000000] ACPI: APIC 0x000000003FFF0240 00005C (v02 VBOX   VBOXAPIC 00000001 ASL  00000061)
[    0.000000] ACPI: SSDT 0x000000003FFF02A0 0001CC (v01 VBOX   VBOXCPUT 00000002 INTL 20100528)
[    0.000000] No NUMA configuration found
[    0.000000] Faking a node at [mem 0x0000000000000000-0x000000003ffeffff]
[    0.000000] NODE_DATA(0) allocated [mem 0x3ffc5000-0x3ffeffff]
[    0.000000] kvm-clock: cpu 0, msr 0:3ff44001, primary cpu clock
[    0.000000] kvm-clock: Using msrs 4b564d01 and 4b564d00
[    0.000000] kvm-clock: using sched offset of 4161360960 cycles
[    0.000000] clocksource: kvm-clock: mask: 0xffffffffffffffff max_cycles: 0x1cd42e4dffb, max_idle_ns: 881590591483 ns
[    0.000000] Zone ranges:
[    0.000000]   DMA      [mem 0x0000000000001000-0x0000000000ffffff]
[    0.000000]   DMA32    [mem 0x0000000001000000-0x000000003ffeffff]
[    0.000000]   Normal   empty
[    0.000000]   Device   empty
[    0.000000] Movable zone start for each node
[    0.000000] Early memory node ranges
[    0.000000]   node   0: [mem 0x0000000000001000-0x000000000009efff]
[    0.000000]   node   0: [mem 0x0000000000100000-0x000000003ffeffff]
[    0.000000] Reserved but unavailable: 98 pages
[    0.000000] Initmem setup node 0 [mem 0x0000000000001000-0x000000003ffeffff]
[    0.000000] ACPI: PM-Timer IO Port: 0x4008
[    0.000000] IOAPIC[0]: apic_id 2, version 32, address 0xfec00000, GSI 0-23
[    0.000000] ACPI: INT_SRC_OVR (bus 0 bus_irq 0 global_irq 2 dfl dfl)
[    0.000000] ACPI: INT_SRC_OVR (bus 0 bus_irq 9 global_irq 9 low level)
[    0.000000] Using ACPI (MADT) for SMP configuration information
[    0.000000] smpboot: Allowing 2 CPUs, 0 hotplug CPUs
[    0.000000] PM: Registered nosave memory: [mem 0x00000000-0x00000fff]
[    0.000000] PM: Registered nosave memory: [mem 0x0009f000-0x0009ffff]
[    0.000000] PM: Registered nosave memory: [mem 0x000a0000-0x000effff]
[    0.000000] PM: Registered nosave memory: [mem 0x000f0000-0x000fffff]
[    0.000000] e820: [mem 0x40000000-0xfebfffff] available for PCI devices
[    0.000000] Booting paravirtualized kernel on KVM
[    0.000000] clocksource: refined-jiffies: mask: 0xffffffff max_cycles: 0xffffffff, max_idle_ns: 7645519600211568 ns
[    0.000000] random: get_random_bytes called from start_kernel+0x99/0x4fd with crng_init=0
[    0.000000] setup_percpu: NR_CPUS:8192 nr_cpumask_bits:2 nr_cpu_ids:2 nr_node_ids:1
[    0.000000] percpu: Embedded 45 pages/cpu s147456 r8192 d28672 u1048576
[    0.000000] PV qspinlock hash table entries: 256 (order: 0, 4096 bytes)
[    0.000000] Built 1 zonelists, mobility grouping on.  Total pages: 257913
[    0.000000] Policy zone: DMA32
[    0.000000] Kernel command line: BOOT_IMAGE=/boot/vmlinuz-4.15.0-74-generic root=LABEL=cloudimg-rootfs ro console=tty1 console=ttyS0
[    0.000000] Memory: 983080K/1048120K available (12300K kernel code, 2481K rwdata, 4260K rodata, 2428K init, 2704K bss, 65040K reserved, 0K cma-reserved)
[    0.000000] SLUB: HWalign=64, Order=0-3, MinObjects=0, CPUs=2, Nodes=1
[    0.000000] Kernel/User page tables isolation: enabled
[    0.000000] ftrace: allocating 39322 entries in 154 pages
[    0.004000] Hierarchical RCU implementation.
[    0.004000] 	RCU restricting CPUs from NR_CPUS=8192 to nr_cpu_ids=2.
[    0.004000] 	Tasks RCU enabled.
[    0.004000] RCU: Adjusting geometry for rcu_fanout_leaf=16, nr_cpu_ids=2
[    0.004000] NR_IRQS: 524544, nr_irqs: 440, preallocated irqs: 16
[    0.004000] Console: colour VGA+ 80x25
[    0.004000] console [tty1] enabled
[    0.004000] console [ttyS0] enabled
[    0.004000] ACPI: Core revision 20170831
[    0.004000] ACPI: 2 ACPI AML tables successfully acquired and loaded
[    0.004000] APIC: Switch to symmetric I/O mode setup
[    0.004000] x2apic enabled
[    0.004000] Switched APIC routing to physical x2apic.
[    0.004000] ..TIMER: vector=0x30 apic1=0 pin1=2 apic2=-1 pin2=-1
[    0.004005] tsc: Detected 2712.000 MHz processor
[    0.008012] Calibrating delay loop (skipped) preset value.. 5424.00 BogoMIPS (lpj=10848000)
[    0.010035] pid_max: default: 32768 minimum: 301
[    0.011198] Security Framework initialized
[    0.012002] Yama: becoming mindful.
[    0.012909] AppArmor: AppArmor initialized
[    0.014215] Dentry cache hash table entries: 131072 (order: 8, 1048576 bytes)
[    0.016149] Inode-cache hash table entries: 65536 (order: 7, 524288 bytes)
[    0.017862] Mount-cache hash table entries: 2048 (order: 2, 16384 bytes)
[    0.019421] Mountpoint-cache hash table entries: 2048 (order: 2, 16384 bytes)
[    0.020288] Last level iTLB entries: 4KB 64, 2MB 8, 4MB 8
[    0.021527] Last level dTLB entries: 4KB 64, 2MB 0, 4MB 0, 1GB 4
[    0.024003] Spectre V1 : Mitigation: usercopy/swapgs barriers and __user pointer sanitization
[    0.026487] Spectre V2 : Mitigation: Full generic retpoline
[    0.028007] Spectre V2 : Spectre v2 / SpectreRSB mitigation: Filling RSB on context switch
[    0.032005] Speculative Store Bypass: Vulnerable
[    0.033880] MDS: Vulnerable: Clear CPU buffers attempted, no microcode
[    0.036244] Freeing SMP alternatives memory: 36K
[    0.149737] smpboot: CPU0: Intel(R) Core(TM) i5-7200U CPU @ 2.50GHz (family: 0x6, model: 0x8e, stepping: 0x9)
[    0.152000] Performance Events: unsupported p6 CPU model 142 no PMU driver, software events only.
[    0.152037] Hierarchical SRCU implementation.
[    0.153542] NMI watchdog: Perf event create on CPU 0 failed with -2
[    0.154993] NMI watchdog: Perf NMI watchdog permanently disabled
[    0.156000] smp: Bringing up secondary CPUs ...
[    0.156090] x86: Booting SMP configuration:
[    0.156973] .... node  #0, CPUs:      #1
[    0.004000] kvm-clock: cpu 1, msr 0:3ff44041, secondary cpu clock
[    0.164006] smp: Brought up 1 node, 2 CPUs
[    0.164875] smpboot: Max logical packages: 1
[    0.165895] smpboot: Total of 2 processors activated (10848.00 BogoMIPS)
[    0.167597] devtmpfs: initialized
[    0.168063] x86/mm: Memory block size: 128MB
[    0.169220] evm: security.selinux
[    0.170050] evm: security.SMACK64
[    0.170846] evm: security.SMACK64EXEC
[    0.172003] evm: security.SMACK64TRANSMUTE
[    0.172960] evm: security.SMACK64MMAP
[    0.173834] evm: security.apparmor
[    0.174664] evm: security.ima
[    0.175432] evm: security.capability
[    0.176127] clocksource: jiffies: mask: 0xffffffff max_cycles: 0xffffffff, max_idle_ns: 7645041785100000 ns
[    0.178273] futex hash table entries: 512 (order: 3, 32768 bytes)
[    0.183194] pinctrl core: initialized pinctrl subsystem
[    0.184124] RTC time: 10:37:55, date: 01/27/20
[    0.185373] NET: Registered protocol family 16
[    0.186528] audit: initializing netlink subsys (disabled)
[    0.188037] audit: type=2000 audit(1580121481.532:1): state=initialized audit_enabled=0 res=1
[    0.189812] cpuidle: using governor ladder
[    0.189812] cpuidle: using governor menu
[    0.192044] ACPI: bus type PCI registered
[    0.193018] acpiphp: ACPI Hot Plug PCI Controller Driver version: 0.5
[    0.194551] PCI: Using configuration type 1 for base access
[    0.197184] HugeTLB registered 2.00 MiB page size, pre-allocated 0 pages
[    0.200099] ACPI: Added _OSI(Module Device)
[    0.201153] ACPI: Added _OSI(Processor Device)
[    0.202339] ACPI: Added _OSI(3.0 _SCP Extensions)
[    0.204010] ACPI: Added _OSI(Processor Aggregator Device)
[    0.205315] ACPI: Added _OSI(Linux-Dell-Video)
[    0.206404] ACPI: Added _OSI(Linux-Lenovo-NV-HDMI-Audio)
[    0.208003] ACPI: Added _OSI(Linux-HPI-Hybrid-Graphics)
[    0.209688] ACPI: Executed 1 blocks of module-level executable AML code
[    0.216396] ACPI: Interpreter enabled
[    0.217367] ACPI: (supports S0 S5)
[    0.218286] ACPI: Using IOAPIC for interrupt routing
[    0.219761] PCI: Using host bridge windows from ACPI; if necessary, use "pci=nocrs" and report a bug
[    0.220217] ACPI: Enabled 2 GPEs in block 00 to 07
[    0.230658] ACPI: PCI Root Bridge [PCI0] (domain 0000 [bus 00-ff])
[    0.232000] acpi PNP0A03:00: _OSC: OS supports [ASPM ClockPM Segments MSI]
[    0.232673] acpi PNP0A03:00: _OSC: not requesting OS control; OS requires [ExtendedConfig ASPM ClockPM MSI]
[    0.234940] acpi PNP0A03:00: fail to add MMCONFIG information, can't access extended PCI configuration space under this bridge.
[    0.236435] PCI host bridge to bus 0000:00
[    0.240004] pci_bus 0000:00: root bus resource [io  0x0000-0x0cf7 window]
[    0.241544] pci_bus 0000:00: root bus resource [io  0x0d00-0xffff window]
[    0.243116] pci_bus 0000:00: root bus resource [mem 0x000a0000-0x000bffff window]
[    0.244003] pci_bus 0000:00: root bus resource [mem 0x40000000-0xfdffffff window]
[    0.245749] pci_bus 0000:00: root bus resource [bus 00-ff]
[    0.250420] pci 0000:00:01.1: legacy IDE quirk: reg 0x10: [io  0x01f0-0x01f7]
[    0.252004] pci 0000:00:01.1: legacy IDE quirk: reg 0x14: [io  0x03f6]
[    0.253505] pci 0000:00:01.1: legacy IDE quirk: reg 0x18: [io  0x0170-0x0177]
[    0.255506] pci 0000:00:01.1: legacy IDE quirk: reg 0x1c: [io  0x0376]
[    0.280614] pci 0000:00:07.0: quirk: [io  0x4000-0x403f] claimed by PIIX4 ACPI
[    0.282703] pci 0000:00:07.0: quirk: [io  0x4100-0x410f] claimed by PIIX4 SMB
[    0.293469] ACPI: PCI Interrupt Link [LNKA] (IRQs 5 9 10 *11)
[    0.295277] ACPI: PCI Interrupt Link [LNKB] (IRQs 5 9 *10 11)
[    0.296159] ACPI: PCI Interrupt Link [LNKC] (IRQs 5 *9 10 11)
[    0.297592] ACPI: PCI Interrupt Link [LNKD] (IRQs 5 9 10 *11)
[    0.300359] SCSI subsystem initialized
[    0.301340] pci 0000:00:02.0: vgaarb: setting as boot VGA device
[    0.301495] pci 0000:00:02.0: vgaarb: VGA device added: decodes=io+mem,owns=io+mem,locks=none
[    0.304011] pci 0000:00:02.0: vgaarb: bridge control possible
[    0.305291] vgaarb: loaded
[    0.306029] ACPI: bus type USB registered
[    0.307039] usbcore: registered new interface driver usbfs
[    0.308020] usbcore: registered new interface driver hub
[    0.309284] usbcore: registered new device driver usb
[    0.310476] EDAC MC: Ver: 3.0.0
[    0.312273] PCI: Using ACPI for IRQ routing
[    0.313332] NetLabel: Initializing
[    0.314574] NetLabel:  domain hash size = 128
[    0.316003] NetLabel:  protocols = UNLABELED CIPSOv4 CALIPSO
[    0.317344] NetLabel:  unlabeled traffic allowed by default
[    0.320109] clocksource: Switched to clocksource kvm-clock
[    0.337970] VFS: Disk quotas dquot_6.6.0
[    0.339012] VFS: Dquot-cache hash table entries: 512 (order 0, 4096 bytes)
[    0.340722] AppArmor: AppArmor Filesystem Enabled
[    0.341845] pnp: PnP ACPI init
[    0.343882] pnp: PnP ACPI: found 3 devices
[    0.357269] clocksource: acpi_pm: mask: 0xffffff max_cycles: 0xffffff, max_idle_ns: 2085701024 ns
[    0.359490] NET: Registered protocol family 2
[    0.360780] TCP established hash table entries: 8192 (order: 4, 65536 bytes)
[    0.362357] TCP bind hash table entries: 8192 (order: 5, 131072 bytes)
[    0.364589] TCP: Hash tables configured (established 8192 bind 8192)
[    0.368639] UDP hash table entries: 512 (order: 2, 16384 bytes)
[    0.369996] UDP-Lite hash table entries: 512 (order: 2, 16384 bytes)
[    0.371507] NET: Registered protocol family 1
[    0.372559] pci 0000:00:00.0: Limiting direct PCI/PCI transfers
[    0.373938] pci 0000:00:01.0: Activating ISA DMA hang workarounds
[    0.375288] pci 0000:00:02.0: Video device with shadowed ROM at [mem 0x000c0000-0x000dffff]
[    0.377415] Unpacking initramfs...
[    0.710424] Freeing initrd memory: 19200K
[    0.711644] clocksource: tsc: mask: 0xffffffffffffffff max_cycles: 0x2717868ea45, max_idle_ns: 440795316085 ns
[    0.714105] platform rtc_cmos: registered platform RTC device (no PNP device found)
[    0.716279] Scanning for low memory corruption every 60 seconds
[    0.718571] Initialise system trusted keyrings
[    0.719684] Key type blacklist registered
[    0.720940] workingset: timestamp_bits=36 max_order=18 bucket_order=0
[    0.723756] zbud: loaded
[    0.725199] squashfs: version 4.0 (2009/01/31) Phillip Lougher
[    0.726986] fuse init (API version 7.26)
[    0.731892] Key type asymmetric registered
[    0.732848] Asymmetric key parser 'x509' registered
[    0.733913] Block layer SCSI generic (bsg) driver version 0.4 loaded (major 246)
[    0.735537] io scheduler noop registered
[    0.736440] io scheduler deadline registered
[    0.737401] io scheduler cfq registered (default)
[    0.738735] ACPI: AC Adapter [AC] (on-line)
[    0.739705] input: Power Button as /devices/LNXSYSTM:00/LNXPWRBN:00/input/input0
[    0.741362] ACPI: Power Button [PWRF]
[    0.742243] input: Sleep Button as /devices/LNXSYSTM:00/LNXSLPBN:00/input/input1
[    0.743800] ACPI: Sleep Button [SLPF]
[    0.746012] ACPI: Battery Slot [BAT0] (battery present)
[    0.747108] Serial: 8250/16550 driver, 32 ports, IRQ sharing enabled
[    0.769410] 00:02: ttyS0 at I/O 0x3f8 (irq = 4, base_baud = 115200) is a 16550A
[    0.778688] Linux agpgart interface v0.103
[    0.781532] loop: module loaded
[    0.783179] scsi host0: ata_piix
[    0.784111] scsi host1: ata_piix
[    0.784890] ata1: PATA max UDMA/33 cmd 0x1f0 ctl 0x3f6 bmdma 0xd000 irq 14
[    0.786227] ata2: PATA max UDMA/33 cmd 0x170 ctl 0x376 bmdma 0xd008 irq 15
[    0.787668] libphy: Fixed MDIO Bus: probed
[    0.788823] tun: Universal TUN/TAP device driver, 1.6
[    0.789947] PPP generic driver version 2.4.2
[    0.790956] ehci_hcd: USB 2.0 'Enhanced' Host Controller (EHCI) Driver
[    0.792358] ehci-pci: EHCI PCI platform driver
[    0.793302] ehci-platform: EHCI generic platform driver
[    0.794364] ohci_hcd: USB 1.1 'Open' Host Controller (OHCI) Driver
[    0.795605] ohci-pci: OHCI PCI platform driver
[    0.796599] ohci-platform: OHCI generic platform driver
[    0.797669] uhci_hcd: USB Universal Host Controller Interface driver
[    0.799346] i8042: PNP: PS/2 Controller [PNP0303:PS2K,PNP0f03:PS2M] at 0x60,0x64 irq 1,12
[    0.801853] serio: i8042 KBD port at 0x60,0x64 irq 1
[    0.803047] serio: i8042 AUX port at 0x60,0x64 irq 12
[    0.804646] mousedev: PS/2 mouse device common for all mice
[    0.806860] input: AT Translated Set 2 keyboard as /devices/platform/i8042/serio0/input/input2
[    0.809119] rtc_cmos rtc_cmos: rtc core: registered rtc_cmos as rtc0
[    0.810621] rtc_cmos rtc_cmos: alarms up to one day, 114 bytes nvram
[    0.812085] i2c /dev entries driver
[    0.812984] device-mapper: uevent: version 1.0.3
[    0.814247] device-mapper: ioctl: 4.37.0-ioctl (2017-09-20) initialised: dm-devel@redhat.com
[    0.816905] ledtrig-cpu: registered to indicate activity on CPUs
[    0.819331] NET: Registered protocol family 10
[    0.824732] Segment Routing with IPv6
[    0.825811] NET: Registered protocol family 17
[    0.827066] Key type dns_resolver registered
[    0.828515] mce: Using 0 MCE banks
[    0.829438] RAS: Correctable Errors collector initialized.
[    0.830766] sched_clock: Marking stable (828480436, 0)->(1098820807, -270340371)
[    0.833627] registered taskstats version 1
[    0.834636] Loading compiled-in X.509 certificates
[    0.838932] Loaded X.509 cert 'Build time autogenerated kernel key: 62d24f9c726e026b112735485dad6e6e4b50c923'
[    0.841231] zswap: loaded using pool lzo/zbud
[    0.846417] Key type big_key registered
[    0.847387] Key type trusted registered
[    0.850778] Key type encrypted registered
[    0.851799] AppArmor: AppArmor sha1 policy hashing enabled
[    0.853128] ima: No TPM chip found, activating TPM-bypass! (rc=-19)
[    0.854532] ima: Allocated hash algorithm: sha1
[    0.855675] evm: HMAC attrs: 0x1
[    0.856893]   Magic number: 4:638:629
[    0.858261] rtc_cmos rtc_cmos: setting system clock to 2020-01-27 10:37:56 UTC (1580121476)
[    0.860418] BIOS EDD facility v0.16 2004-Jun-25, 0 devices found
[    0.862160] EDD information not available.
[    0.947871] Freeing unused kernel image memory: 2428K
[    0.964949] Write protecting the kernel read-only data: 20480k
[    0.967640] Freeing unused kernel image memory: 2008K
[    0.969563] Freeing unused kernel image memory: 1884K
[    0.982012] x86/mm: Checked W+X mappings: passed, no W+X pages found.
[    0.983623] x86/mm: Checking user space page tables
[    0.993798] x86/mm: Checked W+X mappings: passed, no W+X pages found.
Loading, please wait...
starting version 237
[    1.084924] e1000: Intel(R) PRO/1000 Network Driver - version 7.3.21-k8-NAPI
[    1.086463] e1000: Copyright (c) 1999-2006 Intel Corporation.
[    1.093302] Fusion MPT base driver 3.04.20
[    1.094199] Copyright (c) 1999-2008 LSI Corporation
[    1.101537] AVX2 version of gcm_enc/dec engaged.
[    1.103143] AES CTR mode by8 optimization enabled
[    1.115246] Fusion MPT SPI Host driver 3.04.20
[    1.314301] input: ImExPS/2 Generic Explorer Mouse as /devices/platform/i8042/serio1/input/input4
[    1.522821] e1000 0000:00:03.0 eth0: (PCI:33MHz:32-bit) 02:22:e7:1f:39:14
[    1.524470] e1000 0000:00:03.0 eth0: Intel(R) PRO/1000 Network Connection
[    1.527064] mptbase: ioc0: Initiating bringup
[    1.527507] e1000 0000:00:03.0 enp0s3: renamed from eth0
[    1.624361] ioc0: LSI53C1030 A0: Capabilities={Initiator}
[    1.876219] scsi host2: ioc0: LSI53C1030 A0, FwRev=00000000h, Ports=1, MaxQ=256, IRQ=20
[    2.045006] scsi 2:0:0:0: Direct-Access     VBOX     HARDDISK         1.0  PQ: 0 ANSI: 5
[    2.156097] scsi target2:0:0: Beginning Domain Validation
[    2.160471] scsi target2:0:0: Domain Validation skipping write tests
[    2.161976] scsi target2:0:0: Ending Domain Validation
[    2.163109] scsi target2:0:0: asynchronous
[    2.164353] scsi 2:0:1:0: Direct-Access     VBOX     HARDDISK         1.0  PQ: 0 ANSI: 5
[    2.725260] scsi target2:0:1: Beginning Domain Validation
[    2.728582] random: fast init done
[    2.730304] scsi target2:0:1: Domain Validation skipping write tests
[    2.732042] scsi target2:0:1: Ending Domain Validation
[    2.733468] scsi target2:0:1: asynchronous
[    2.740851] random: systemd-udevd: uninitialized urandom read (16 bytes read)
[    2.742416] random: systemd-udevd: uninitialized urandom read (16 bytes read)
[    2.743960] random: systemd-udevd: uninitialized urandom read (16 bytes read)
[    2.746057] sd 2:0:0:0: Attached scsi generic sg0 type 0
[    2.747400] sd 2:0:0:0: [sda] 20971520 512-byte logical blocks: (10.7 GB/10.0 GiB)
[    2.749709] sd 2:0:1:0: Attached scsi generic sg1 type 0
[    2.749715] sd 2:0:0:0: [sda] Write Protect is off
[    2.752841] sd 2:0:1:0: [sdb] 20480 512-byte logical blocks: (10.5 MB/10.0 MiB)
[    2.754552] sd 2:0:0:0: [sda] Incomplete mode parameter data
[    2.755828] sd 2:0:0:0: [sda] Assuming drive cache: write through
[    2.757212] sd 2:0:1:0: [sdb] Write Protect is off
[    2.758860] sd 2:0:1:0: [sdb] Incomplete mode parameter data
[    2.760263] sd 2:0:1:0: [sdb] Assuming drive cache: write through
[    2.767716]  sda: sda1
[    2.770269] sd 2:0:0:0: [sda] Attached SCSI disk
[    2.771827] sd 2:0:1:0: [sdb] Attached SCSI disk
Begin: Loading essential drivers ... [    4.416048] raid6: sse2x1   gen()  7915 MB/s
[    4.464781] raid6: sse2x1   xor()  5637 MB/s
[    4.512603] raid6: sse2x2   gen() 11954 MB/s
[    4.560371] raid6: sse2x2   xor()  8717 MB/s
[    4.608174] raid6: sse2x4   gen() 13727 MB/s
[    4.656971] raid6: sse2x4   xor()  9076 MB/s
[    4.704020] raid6: avx2x1   gen() 18244 MB/s
[    4.752631] raid6: avx2x1   xor() 14180 MB/s
[    4.800535] raid6: avx2x2   gen() 24170 MB/s
[    4.848272] raid6: avx2x2   xor() 15952 MB/s
[    4.896088] raid6: avx2x4   gen() 27118 MB/s
[    4.944017] raid6: avx2x4   xor() 17409 MB/s
[    4.945085] raid6: using algorithm avx2x4 gen() 27118 MB/s
[    4.946403] raid6: .... xor() 17409 MB/s, rmw enabled
[    4.947884] raid6: using avx2x2 recovery algorithm
[    4.950445] xor: automatically using best checksumming function   avx       
[    4.953362] async_tx: api initialized (async)
done.
Begin: Running /scripts/init-premount ... done.
Begin: Mounting root file system ... Begin: Running /scripts/local-top ... done.
Begin: Running /scripts/local-premount ... [    5.004725] Btrfs loaded, crc32c=crc32c-intel
Scanning for Btrfs filesystems
done.
Warning: fsck not present, so skipping root file system
[    5.043448] EXT4-fs (sda1): mounted filesystem with ordered data mode. Opts: (null)
done.
Begin: Running /scripts/local-bottom ... done.
Begin: Running /scripts/init-bottom ... done.
[    5.243573] ip_tables: (C) 2000-2006 Netfilter Core Team
[    5.253423] systemd[1]: systemd 237 running in system mode. (+PAM +AUDIT +SELINUX +IMA +APPARMOR +SMACK +SYSVINIT +UTMP +LIBCRYPTSETUP +GCRYPT +GNUTLS +ACL +XZ +LZ4 +SECCOMP +BLKID +ELFUTILS +KMOD -IDN2 +IDN -PCRE2 default-hierarchy=hybrid)
[    5.257689] systemd[1]: Detected virtualization oracle.
[    5.258749] systemd[1]: Detected architecture x86-64.

Welcome to [1mUbuntu 18.04.3 LTS[0m!

[    5.277231] systemd[1]: Set hostname to <ubuntu>.
[    5.284221] systemd[1]: Initializing machine ID from random generator.
[    5.285754] systemd[1]: Installed transient /etc/machine-id file.
[    5.619600] systemd[1]: Started Forward Password Requests to Wall Directory Watch.
[[0;32m  OK  [0m] Started Forward Password Requests to Wall Directory Watch.
[    5.623923] systemd[1]: Created slice System Slice.
[[0;32m  OK  [0m] Created slice System Slice.
[    5.636136] systemd[1]: Reached target System Time Synchronized.
[[0;32m  OK  [0m] Reached target System Time Synchronized.
[    5.648409] systemd[1]: Listening on udev Control Socket.
[[0;32m  OK  [0m] Listening on udev Control Socket.
[[0;32m  OK  [0m] Listening on Network Service Netlink Socket.
[[0;32m  OK  [0m] Listening on LVM2 poll daemon socket.
[[0;32m  OK  [0m] Listening on Journal Socket.
         Mounting Huge Pages File System...
         Starting Uncomplicated firewall...
         Mounting Kernel Debug File System...
         Starting Load Kernel Modules...
[[0;32m  OK  [0m] Reached target User and Group Name Lookups.
         Starting Set the console keyboard layout...
[[0;32m  OK  [0m] Created slice User and Session Slice.
[[0;32m  OK  [0m] Reached target Slices.
[[0;32m  OK  [0m] Listening on /dev/initctl Compatibility Named Pipe.
[    5.712547] Loading iSCSI transport class v2.0-870.
[[0;32m  OK  [0m] Reached target Swap.
[    5.721395] iscsi: registered transport (tcp)
         Starting Create list of required st…ce nodes for the current kernel...
         Starting Remount Root and Kernel File Systems...
[    5.744295] iscsi: registered transport (iser)
[[0;32m  OK  [0m] Listening on Device-mapper event daemon FIFOs.
[[0;32m  OK  [0m] Listening on Journal Socket (/dev/log).
[[0;32m  OK  [0m] Listening on Journal Audit Socket.
[[0;32m  OK  [0m] Listening on udev Kernel Socket.
         Starting udev Coldplug all Devices...
[[0;32m  OK  [0m] Set up automount Arbitrary Executab…rmats File System Automount Point.
[[0;32m  OK  [0m] Listening on LVM2 metadata daemon socket.
         Starting Monitoring of LVM2 mirrors…ng dmeventd or progress polling...
[[0;32m  OK  [0m] Listening on Syslog Socket.
         Starting Journal Service...
         Mounting POSIX Message Queue File System...
[[0;32m  OK  [0m] Created slice system-serial\x2dgetty.slice.
[[0;32m  OK  [0m] Mounted Huge Pages File System.
[[0;32m  OK  [0m] Started Uncomplicated firewall.
[[0;32m  OK  [0m] Mounted Kernel Debug File System.
[[0;32m  OK  [0m] Started Load Kernel Modules.
[[0;32m  OK  [0m] Started Create list of required sta…vice nodes for the current kernel.
[[0;32m  OK  [0m] Mounted POSIX Message Queue File System.
         Starting Create Static Device Nodes in /dev...
         Mounting Kernel Configuration File System...
[    5.806616] EXT4-fs (sda1): re-mounted. Opts: (null)
         Mounting FUSE Control File System...
         Starting Apply Kernel Variables...
[[0;32m  OK  [0m] Mounted Kernel Configuration File System.
[[0;32m  OK  [0m] Mounted FUSE Control File System.
[[0;32m  OK  [0m] Started Remount Root and Kernel File Systems.
         Starting Load/Save Random Seed...
[[0;32m  OK  [0m] Started Create Static Device Nodes in /dev.
         Starting udev Kernel Device Manager...
[[0;32m  OK  [0m] Started LVM2 metadata daemon.
[[0;32m  OK  [0m] Started udev Coldplug all Devices.
[[0;32m  OK  [0m] Started Apply Kernel Variables.
[[0;32m  OK  [0m] Started Load/Save Random Seed.
[[0;32m  OK  [0m] Started Journal Service.
         Starting Flush Journal to Persistent Storage...
[[0;32m  OK  [0m] Started udev Kernel Device Manager.
[[0;32m  OK  [0m] Started Monitoring of LVM2 mirrors,…sing dmeventd or progress polling.
[[0;32m  OK  [0m] Started Flush Journal to Persistent Storage.
[[0;32m  OK  [0m] Started Set the console keyboard layout.
[[0;32m  OK  [0m] Started Dispatch Password Requests to Console Directory Watch.
[[0;32m  OK  [0m] Reached target Local Encrypted Volumes.
[[0;32m  OK  [0m] Reached target Local File Systems (Pre).
[[0;32m  OK  [0m] Reached target Local File Systems.
         Starting AppArmor initialization...
         Starting Tell Plymouth To Write Out Runtime Data...
         Starting ebtables ruleset management...
         Starting Create Volatile Files and Directories...
         Starting Commit a transient machine-id on disk...
         Starting Set console font and keymap...
[[0;32m  OK  [0m] Started Tell Plymouth To Write Out Runtime Data.
[[0;32m  OK  [0m] Started Set console font and keymap.
[[0;32m  OK  [0m] Started Create Volatile Files and Directories.
         Starting Update UTMP about System Boot/Shutdown...
[[0;32m  OK  [0m] Started Update UTMP about System Boot/Shutdown.
[[0;32m  OK  [0m] Started Commit a transient machine-id on disk.
[[0;32m  OK  [0m] Started ebtables ruleset management.
[[0;32m  OK  [0m] Found device /dev/ttyS0.
[[0;32m  OK  [0m] Listening on Load/Save RF Kill Switch Status /dev/rfkill Watch.
[[0;32m  OK  [0m] Started AppArmor initialization.
         Starting Initial cloud-init job (pre-networking)...
[    9.507275] cloud-init[537]: Cloud-init v. 19.3-41-gc4735dd3-0ubuntu1~18.04.1 running 'init-local' at Mon, 27 Jan 2020 10:38:04 +0000. Up 9.00 seconds.
[[0;32m  OK  [0m] Started Initial cloud-init job (pre-networking).
[[0;32m  OK  [0m] Reached target Network (Pre).
         Starting Network Service...
[[0;32m  OK  [0m] Started Network Service.
         Starting Network Name Resolution...
         Starting Wait for Network to be Configured...
[[0;32m  OK  [0m] Started Network Name Resolution.
[[0;32m  OK  [0m] Reached target Host and Network Name Lookups.
[[0;32m  OK  [0m] Reached target Network.
[[0;32m  OK  [0m] Started Wait for Network to be Configured.
         Starting Initial cloud-init job (metadata service crawler)...
[   12.213963] cloud-init[659]: Cloud-init v. 19.3-41-gc4735dd3-0ubuntu1~18.04.1 running 'init' at Mon, 27 Jan 2020 10:38:07 +0000. Up 11.89 seconds.
[   12.218031] cloud-init[659]: ci-info: ++++++++++++++++++++++++++++++++++++++Net device info++++++++++++++++++++++++++++++++++++++
[   12.232778] cloud-init[659]: ci-info: +--------+------+----------------------------+---------------+--------+-------------------+
[   12.234890] cloud-init[659]: ci-info: | Device |  Up  |          Address           |      Mask     | Scope  |     Hw-Address    |
[   12.238110] cloud-init[659]: ci-info: +--------+------+----------------------------+---------------+--------+-------------------+
[   12.240747] cloud-init[659]: ci-info: | enp0s3 | True |         10.0.2.15          | 255.255.255.0 | global | 02:22:e7:1f:39:14 |
[   12.242290] cloud-init[659]: ci-info: | enp0s3 | True | fe80::22:e7ff:fe1f:3914/64 |       .       |  link  | 02:22:e7:1f:39:14 |
[   12.243801] cloud-init[659]: ci-info: |   lo   | True |         127.0.0.1          |   255.0.0.0   |  host  |         .         |
[   12.245394] cloud-init[659]: ci-info: |   lo   | True |          ::1/128           |       .       |  host  |         .         |
[   12.248013] cloud-init[659]: ci-info: +--------+------+----------------------------+---------------+--------+-------------------+
[   12.250868] cloud-init[659]: ci-info: ++++++++++++++++++++++++++++Route IPv4 info+++++++++++++++++++++++++++++
[   12.253375] cloud-init[659]: ci-info: +-------+-------------+----------+-----------------+-----------+-------+
[   12.255176] cloud-init[659]: ci-info: | Route | Destination | Gateway  |     Genmask     | Interface | Flags |
[   12.256966] cloud-init[659]: ci-info: +-------+-------------+----------+-----------------+-----------+-------+
[   12.275117] cloud-init[659]: ci-info: |   0   |   0.0.0.0   | 10.0.2.2 |     0.0.0.0     |   enp0s3  |   UG  |
[   12.277385] cloud-init[659]: ci-info: |   1   |   10.0.2.0  | 0.0.0.0  |  255.255.255.0  |   enp0s3  |   U   |
[   12.279889] cloud-init[659]: ci-info: |   2   |   10.0.2.2  | 0.0.0.0  | 255.255.255.255 |   enp0s3  |   UH  |
[   12.281935] cloud-init[659]: ci-info: +-------+-------------+----------+-----------------+-----------+-------+
[   12.284046] cloud-init[659]: ci-info: +++++++++++++++++++Route IPv6 info+++++++++++++++++++
[   12.285958] cloud-init[659]: ci-info: +-------+-------------+---------+-----------+-------+
[   12.287954] cloud-init[659]: ci-info: | Route | Destination | Gateway | Interface | Flags |
[   12.290139] cloud-init[659]: ci-info: +-------+-------------+---------+-----------+-------+
[   12.293734] cloud-init[659]: ci-info: |   1   |  fe80::/64  |    ::   |   enp0s3  |   U   |
[   12.295646] cloud-init[659]: ci-info: |   3   |    local    |    ::   |   enp0s3  |   U   |
[   12.297438] cloud-init[659]: ci-info: |   4   |   ff00::/8  |    ::   |   enp0s3  |   U   |
[   12.299090] cloud-init[659]: ci-info: +-------+-------------+---------+-----------+-------+
[   13.025407] cloud-init[659]: Generating public/private rsa key pair.
[   13.026628] cloud-init[659]: Your identification has been saved in /etc/ssh/ssh_host_rsa_key.
[   13.028384] cloud-init[659]: Your public key has been saved in /etc/ssh/ssh_host_rsa_key.pub.
[   13.030525] cloud-init[659]: The key fingerprint is:
[   13.031363] cloud-init[659]: SHA256:63UNpnWQaiubGL8237OdWy6L33fkPVI4MzM6tzdIb0A root@ubuntu-bionic
[   13.032951] cloud-init[659]: The key's randomart image is:
[   13.033695] cloud-init[659]: +---[RSA 2048]----+
[   13.034351] cloud-init[659]: |                 |
[   13.034965] cloud-init[659]: |             .   |
[   13.035615] cloud-init[659]: |            o    |
[   13.036274] cloud-init[659]: |           . E   |
[   13.048326] cloud-init[659]: |        S o = o  |
[   13.049584] cloud-init[659]: |         o = & ..|
[   13.050834] cloud-init[659]: |      . o + + %oo|
[   13.051953] cloud-init[659]: |       =o= =.*.@=|
[   13.053127] cloud-init[659]: |      ..*+. *=@+B|
[   13.054389] cloud-init[659]: +----[SHA256]-----+
[   13.055546] cloud-init[659]: Generating public/private dsa key pair.
[   13.057330] cloud-init[659]: Your identification has been saved in /etc/ssh/ssh_host_dsa_key.
[   13.059235] cloud-init[659]: Your public key has been saved in /etc/ssh/ssh_host_dsa_key.pub.
[   13.061048] cloud-init[659]: The key fingerprint is:
[   13.062677] cloud-init[659]: SHA256:Gcj8DaTYNdftNFBfIKdpcUOQxVH38EFAdDQZSvBAOX4 root@ubuntu-bionic
[   13.064739] cloud-init[659]: The key's randomart image is:
[   13.066156] cloud-init[659]: +---[DSA 1024]----+
[   13.067427] cloud-init[659]: |        + o=X##@*|
[   13.068709] cloud-init[659]: |     = = o o*BB**|
[   13.069884] cloud-init[659]: |    . * o . == .+|
[   13.071103] cloud-init[659]: |       . = o E.  |
[   13.072305] cloud-init[659]: |        S . .    |
[   13.073621] cloud-init[659]: |                 |
[   13.074789] cloud-init[659]: |                 |
[   13.075985] cloud-init[659]: |                 |
[   13.077148] cloud-init[659]: |                 |
[   13.078289] cloud-init[659]: +----[SHA256]-----+
[   13.080234] cloud-init[659]: Generating public/private ecdsa key pair.
[   13.092265] cloud-init[659]: Your identification has been saved in /etc/ssh/ssh_host_ecdsa_key.
[   13.093904] cloud-init[659]: Your public key has been saved in /etc/ssh/ssh_host_ecdsa_key.pub.
[   13.095657] cloud-init[659]: The key fingerprint is:
[   13.096976] cloud-init[659]: SHA256:neg/9SPhmjhhD4PM53oyeNkOd7eTKiTAuIiRO0Ks6wM root@ubuntu-bionic
[   13.098936] cloud-init[659]: The key's randomart image is:
[   13.108749] cloud-init[659]: +---[ECDSA 256]---+
[   13.110197] cloud-init[659]: |                 |
[   13.111286] cloud-init[659]: |                 |
[   13.112630] cloud-init[659]: |.. o             |
[   13.113886] cloud-init[659]: |oo. o    o .     |
[   13.115097] cloud-init[659]: |++ . + .S o      |
[   13.116162] cloud-init[659]: |E .   =.B   o    |
[   13.117591] cloud-init[659]: |oo   ..Oo=.o.+   |
[   13.118790] cloud-init[659]: |..  . =o*+oo=.o  |
[   13.119976] cloud-init[659]: |...  ..*oo=+.o . |
[   13.121268] cloud-init[659]: +----[SHA256]-----+
[   13.122372] cloud-init[659]: Generating public/private ed25519 key pair.
[   13.124124] cloud-init[659]: Your identification has been saved in /etc/ssh/ssh_host_ed25519_key.
[   13.126343] cloud-init[659]: Your public key has been saved in /etc/ssh/ssh_host_ed25519_key.pub.
[   13.128800] cloud-init[659]: The key fingerprint is:
[   13.130232] cloud-init[659]: SHA256:AtG0aDku0ls91E5kcRE9minW7XecLYkH88ygwht7CSI root@ubuntu-bionic
[   13.132125] cloud-init[659]: The key's randomart image is:
[   13.133102] cloud-init[659]: +--[ED25519 256]--+
[   13.144357] cloud-init[659]: |    .o. +.++     |
[   13.145796] cloud-init[659]: |     +.= .  o    |
[   13.146949] cloud-init[659]: |    * o o. = .   |
[   13.148181] cloud-init[659]: | . o = oo = =    |
[   13.149277] cloud-init[659]: |. o o +oS. o O oo|
[   13.150318] cloud-init[659]: | . +E .o= . o O.+|
[   13.151530] cloud-init[659]: |  .  . . * . o o |
[   13.152766] cloud-init[659]: |        o o      |
[   13.153856] cloud-init[659]: |         .       |
[   13.154976] cloud-init[659]: +----[SHA256]-----+
[[0;32m  OK  [0m] Started Initial cloud-init job (metadata service crawler).
[[0;32m  OK  [0m] Reached target System Initialization.
[[0;32m  OK  [0m] Started Daily Cleanup of Temporary Directories.
[[0;32m  OK  [0m] Listening on UUID daemon activation socket.
[[0;32m  OK  [0m] Started ACPI Events Check.
[[0;32m  OK  [0m] Reached target Paths.
[[0;32m  OK  [0m] Listening on Open-iSCSI iscsid Socket.
[[0;32m  OK  [0m] Started Discard unused blocks once a week.
[[0;32m  OK  [0m] Started Message of the Day.
         Starting LXD - unix socket.
[[0;32m  OK  [0m] Started Daily apt download activities.
[[0;32m  OK  [0m] Started Daily apt upgrade and clean activities.
[[0;32m  OK  [0m] Reached target Timers.
[[0;32m  OK  [0m] Listening on ACPID Listen Socket.
         Starting Socket activation for snappy daemon.
[[0;32m  OK  [0m] Listening on D-Bus System Message Bus Socket.
[[0;32m  OK  [0m] Reached target Network is Online.
[[0;32m  OK  [0m] Reached target Remote File Systems (Pre).
[[0;32m  OK  [0m] Reached target Remote File Systems.
         Starting Availability of block devices...
[[0;32m  OK  [0m] Reached target Cloud-config availability.
[[0;32m  OK  [0m] Listening on LXD - unix socket.
[[0;32m  OK  [0m] Listening on Socket activation for snappy daemon.
[[0;32m  OK  [0m] Started Availability of block devices.
[[0;32m  OK  [0m] Reached target Sockets.
[[0;32m  OK  [0m] Reached target Basic System.
         Starting Login Service...
[[0;32m  OK  [0m] Started Regular background program processing daemon.
         Starting LXD - container startup/shutdown...
         Starting LSB: Record successful boot for GRUB...
         Starting LSB: automatic crash report generation...
         Starting Permit User Sessions...
[[0;32m  OK  [0m] Started Deferred execution scheduler.
         Starting Snappy daemon...
[[0;32m  OK  [0m] Started D-Bus System Message Bus.
[[0;32m  OK  [0m] Started Login Service.
         Starting Accounts Service...
         Starting System Logging Service...
[[0;32m  OK  [0m] Started FUSE filesystem for LXC.
[[0;32m  OK  [0m] Started irqbalance daemon.
         Starting Dispatcher daemon for systemd-networkd...
         Starting Virtualbox guest utils...
         Starting Pollinate to seed the pseudo random number generator...
[[0;32m  OK  [0m] Started Unattended Upgrades Shutdown.
[[0;32m  OK  [0m] Started System Logging Service.
[[0;32m  OK  [0m] Started Permit User Sessions.
         Starting Authorization Manager...
         Starting Hold until boot process finishes up...
         Starting Terminate Plymouth Boot Screen...
[[0;32m  OK  [0m] Started Hold until boot process finishes up.
         Starting Set console scheme...
[[0;32m  OK  [0m] Started Serial Getty on ttyS0.
[[0;32m  OK  [0m] Started Terminate Plymouth Boot Screen.
[[0;32m  OK  [0m] Started LSB: automatic crash report generation.
[[0;32m  OK  [0m] Started Set console scheme.
[[0;32m  OK  [0m] Created slice system-getty.slice.
[[0;32m  OK  [0m] Started Getty on tty1.
[[0;32m  OK  [0m] Reached target Login Prompts.
[[0;32m  OK  [0m] Started LXD - container startup/shutdown.
[[0;32m  OK  [0m] Started LSB: Record successful boot for GRUB.
[[0;32m  OK  [0m] Started Authorization Manager.
[[0;32m  OK  [0m] Started Accounts Service.
[[0;32m  OK  [0m] Started Virtualbox guest utils.
[[0;32m  OK  [0m] Started Dispatcher daemon for systemd-networkd.
[[0;32m  OK  [0m] Started Snappy daemon.
         Starting Wait until snapd is fully seeded...
[[0;32m  OK  [0m] Started Pollinate to seed the pseudo random number generator.
         Starting OpenBSD Secure Shell server...
[[0;32m  OK  [0m] Started OpenBSD Secure Shell server.
[[0;32m  OK  [0m] Created slice User Slice of vagrant.
         Starting User Manager for UID 1000...
[[0;32m  OK  [0m] Started Session 1 of user vagrant.
[[0;32m  OK  [0m] Started User Manager for UID 1000.
[[0;32m  OK  [0m] Started Wait until snapd is fully seeded.
         Starting Apply the settings specified in cloud-config...
[[0;32m  OK  [0m] Reached target Multi-User System.
[[0;32m  OK  [0m] Reached target Graphical Interface.
         Starting Update UTMP about System Runlevel Changes...
[[0;32m  OK  [0m] Started Update UTMP about System Runlevel Changes.
[   17.092188] cloud-init[1197]: Cloud-init v. 19.3-41-gc4735dd3-0ubuntu1~18.04.1 running 'modules:config' at Mon, 27 Jan 2020 10:38:11 +0000. Up 16.25 seconds.
[[0;32m  OK  [0m] Started Apply the settings specified in cloud-config.
         Starting Execute cloud user/final scripts...
ci-info: no authorized ssh keys fingerprints found for user ubuntu.
<14>Jan 27 10:38:13 ec2: 
<14>Jan 27 10:38:13 ec2: #############################################################
<14>Jan 27 10:38:13 ec2: -----BEGIN SSH HOST KEY FINGERPRINTS-----
<14>Jan 27 10:38:13 ec2: 1024 SHA256:Gcj8DaTYNdftNFBfIKdpcUOQxVH38EFAdDQZSvBAOX4 root@ubuntu-bionic (DSA)
<14>Jan 27 10:38:13 ec2: 256 SHA256:neg/9SPhmjhhD4PM53oyeNkOd7eTKiTAuIiRO0Ks6wM root@ubuntu-bionic (ECDSA)
<14>Jan 27 10:38:13 ec2: 256 SHA256:AtG0aDku0ls91E5kcRE9minW7XecLYkH88ygwht7CSI root@ubuntu-bionic (ED25519)
<14>Jan 27 10:38:13 ec2: 2048 SHA256:63UNpnWQaiubGL8237OdWy6L33fkPVI4MzM6tzdIb0A root@ubuntu-bionic (RSA)
<14>Jan 27 10:38:13 ec2: -----END SSH HOST KEY FINGERPRINTS-----
<14>Jan 27 10:38:13 ec2: #############################################################
-----BEGIN SSH HOST KEY KEYS-----
ecdsa-sha2-nistp256 AAAAE2VjZHNhLXNoYTItbmlzdHAyNTYAAAAIbmlzdHAyNTYAAABBBGQNxU02fADPj8bd2EyGAzIRa1AEheacE/0o9VRLMA5lYiAELN7POnKY++5FXaOn2cP+U6w6hpWoaezjeiF1I+c= root@ubuntu-bionic
ssh-ed25519 AAAAC3NzaC1lZDI1NTE5AAAAIPiqh7Kgdy65FC7fTbXCwFtPnHCKXCsQJVnAAOJoNtHr root@ubuntu-bionic
ssh-rsa AAAAB3NzaC1yc2EAAAADAQABAAABAQClErljalE9bh2RAZPA/a6CO4Sq1jNfUFOzIiV0noKR2rMiUwTZ6C5UktEXIBNo6gqrxZv7o1jhwPVX4Qaj7M8jk+DlODy1LcKZLoMBdacwuEfWVa+/eYTJZngv03UO7xsLazZE8+8b17lfBiAAuDr2N8P+lA+f1BUhAES+p0khIuzc01Jbo/Yiesnw6hvN6PFS5gf2EPrZ74eWvgYsr/bf4cVyEWvFNxkSkBi/bUSjuTo2DamvKeuCipoTBNyFpRpLQiASarFFNWRFj9fB3X8LB43lPi0YR9VRN3DXYIYCT7F19gewkfPLKt36nNZJn32HIp7T/xGQPESeH/dqZMTF root@ubuntu-bionic
-----END SSH HOST KEY KEYS-----
[   18.184441] cloud-init[1281]: Cloud-init v. 19.3-41-gc4735dd3-0ubuntu1~18.04.1 running 'modules:final' at Mon, 27 Jan 2020 10:38:13 +0000. Up 17.93 seconds.
[   18.186105] cloud-init[1281]: ci-info: no authorized ssh keys fingerprints found for user ubuntu.
[   18.187259] cloud-init[1281]: Cloud-init v. 19.3-41-gc4735dd3-0ubuntu1~18.04.1 finished at Mon, 27 Jan 2020 10:38:13 +0000. Datasource DataSourceNoCloud [seed=/dev/sdb][dsmode=net].  Up 18.17 seconds
[[0;32m  OK  [0m] Started Execute cloud user/final scripts.
[[0;32m  OK  [0m] Reached target Cloud-init target.

Ubuntu 18.04.3 LTS ubuntu-bionic ttyS0

ubuntu-bionic login: 